create.txt
file3.txt
goodnews.everyone
sshworked.txt
goodnews.everyone
goodnews.everyone
create.txt
file3.txt
goodnews.everyone
sshworked.txt
bendergoodnews.everyone
zoidberggoodnews.everyone
frycreate.txt
file3.txt
goodnews.everyone
sshworked.txt
 bendergoodnews.everyone
 zoidberggoodnews.everyone
 frybendercreate.txt
file3.txt
goodnews.everyone
sshworked.txt
zoidberggoodnews.everyone
frygoodnews.everyone
bender  create.txt
file3.txt
goodnews.everyone
sshworked.txt
zoidberg  goodnews.everyone
fry  goodnews.everyone
bendercreate.txt
file3.txt
goodnews.everyone
sshworked.txt
zoidberggoodnews.everyone
frygoodnews.everyone
